<?xml version="1.0" encoding="UTF-8"?>
<!-- Generated by org.testng.reporters.JUnitXMLReporter -->
<testsuite hostname="DS-2111AA680738" ignored="0" name="HelpPage" tests="6" failures="1" timestamp="23 Aug 2018 12:58:34 GMT" time="85.52" errors="0">
  <testcase name="Help" time="26.864" classname="com.ManChesterUnitedKingdom.TestClass.HelpPageClass"/>
  <testcase name="TitleOfPage_Verification" time="0.119" classname="com.ManChesterUnitedKingdom.TestClass.HelpPageClass"/>
  <testcase name="TitleOfTicketSales" time="2.169" classname="com.ManChesterUnitedKingdom.TestClass.HelpPageClass"/>
  <testcase name="Total_numberOfPhoneNumber" time="0.872" classname="com.ManChesterUnitedKingdom.TestClass.HelpPageClass"/>
  <testcase name="Total_numberOf_Title_OfPhoneNumber" time="1.045" classname="com.ManChesterUnitedKingdom.TestClass.HelpPageClass"/>
  <testcase name="FailedHelpPageModule" time="0.006" classname="com.ManChesterUnitedKingdom.TestClass.HelpPageClass">
    <failure type="java.lang.AssertionError" message="expected [true] but found [false]">
      <![CDATA[java.lang.AssertionError: expected [true] but found [false]
at com.ManChesterUnitedKingdom.TestClass.HelpPageClass.FailedHelpPageModule(HelpPageClass.java:166)
... Removed 31 stack frames]]>
    </failure>
  </testcase> <!-- FailedHelpPageModule -->
</testsuite> <!-- HelpPage -->
